2024-05-04T13:40:41.773+07:00  INFO 17320 --- [main] c.e.demo.TokenAuthRedisApplication       : Starting TokenAuthRedisApplication using Java 17.0.9 with PID 17320 (E:\data\home\source\in\myproject\Spring Redis\token-auth-redis\target\classes started by 900089 in E:\data\home\source\in\myproject\Spring Redis\token-auth-redis)
2024-05-04T13:40:41.787+07:00  INFO 17320 --- [main] c.e.demo.TokenAuthRedisApplication       : No active profile set, falling back to 1 default profile: "default"
2024-05-04T13:40:43.577+07:00  INFO 17320 --- [main] .s.d.r.c.RepositoryConfigurationDelegate : Multiple Spring Data modules found, entering strict repository configuration mode
2024-05-04T13:40:43.578+07:00  INFO 17320 --- [main] .s.d.r.c.RepositoryConfigurationDelegate : Bootstrapping Spring Data JPA repositories in DEFAULT mode.
2024-05-04T13:40:43.736+07:00  INFO 17320 --- [main] .s.d.r.c.RepositoryConfigurationDelegate : Finished Spring Data repository scanning in 149 ms. Found 1 JPA repository interface.
2024-05-04T13:40:43.759+07:00  INFO 17320 --- [main] .s.d.r.c.RepositoryConfigurationDelegate : Multiple Spring Data modules found, entering strict repository configuration mode
2024-05-04T13:40:43.760+07:00  INFO 17320 --- [main] .s.d.r.c.RepositoryConfigurationDelegate : Bootstrapping Spring Data Redis repositories in DEFAULT mode.
2024-05-04T13:40:43.778+07:00  INFO 17320 --- [main] .RepositoryConfigurationExtensionSupport : Spring Data Redis - Could not safely identify store assignment for repository candidate interface com.example.demo.repository.UserRepository; If you want this repository to be a Redis repository, consider annotating your entities with one of these annotations: org.springframework.data.redis.core.RedisHash (preferred), or consider extending one of the following types with your repository: org.springframework.data.keyvalue.repository.KeyValueRepository
2024-05-04T13:40:43.779+07:00  INFO 17320 --- [main] .s.d.r.c.RepositoryConfigurationDelegate : Finished Spring Data repository scanning in 8 ms. Found 0 Redis repository interfaces.
2024-05-04T13:40:44.398+07:00  INFO 17320 --- [main] o.s.b.w.embedded.tomcat.TomcatWebServer  : Tomcat initialized with port 9004 (http)
2024-05-04T13:40:44.410+07:00  INFO 17320 --- [main] o.apache.catalina.core.StandardService   : Starting service [Tomcat]
2024-05-04T13:40:44.410+07:00  INFO 17320 --- [main] o.apache.catalina.core.StandardEngine    : Starting Servlet engine: [Apache Tomcat/10.1.18]
2024-05-04T13:40:44.481+07:00  INFO 17320 --- [main] o.a.c.c.C.[Tomcat].[localhost].[/]       : Initializing Spring embedded WebApplicationContext
2024-05-04T13:40:44.481+07:00  INFO 17320 --- [main] w.s.c.ServletWebServerApplicationContext : Root WebApplicationContext: initialization completed in 2636 ms
2024-05-04T13:40:44.667+07:00  INFO 17320 --- [main] o.hibernate.jpa.internal.util.LogHelper  : HHH000204: Processing PersistenceUnitInfo [name: default]
2024-05-04T13:40:44.758+07:00  INFO 17320 --- [main] org.hibernate.Version                    : HHH000412: Hibernate ORM core version 6.4.1.Final
2024-05-04T13:40:44.801+07:00  INFO 17320 --- [main] o.h.c.internal.RegionFactoryInitiator    : HHH000026: Second-level cache disabled
2024-05-04T13:40:45.027+07:00  INFO 17320 --- [main] o.s.o.j.p.SpringPersistenceUnitInfo      : No LoadTimeWeaver setup: ignoring JPA class transformer
2024-05-04T13:40:45.058+07:00  INFO 17320 --- [main] com.zaxxer.hikari.HikariDataSource       : HikariPool-1 - Starting...
2024-05-04T13:40:45.237+07:00  INFO 17320 --- [main] com.zaxxer.hikari.pool.HikariPool        : HikariPool-1 - Added connection org.postgresql.jdbc.PgConnection@69cb6c83
2024-05-04T13:40:45.238+07:00  INFO 17320 --- [main] com.zaxxer.hikari.HikariDataSource       : HikariPool-1 - Start completed.
2024-05-04T13:40:45.270+07:00  WARN 17320 --- [main] org.hibernate.dialect.Dialect            : HHH000511: The 10.23.0 version for [org.hibernate.dialect.PostgreSQLDialect] is no longer supported, hence certain features may not work properly. The minimum supported version is 12.0.0. Check the community dialects project for available legacy versions.
2024-05-04T13:40:45.275+07:00  WARN 17320 --- [main] org.hibernate.orm.deprecation            : HHH90000025: PostgreSQLDialect does not need to be specified explicitly using 'hibernate.dialect' (remove the property setting and it will be selected by default)
2024-05-04T13:40:46.157+07:00  INFO 17320 --- [main] o.h.e.t.j.p.i.JtaPlatformInitiator       : HHH000489: No JTA platform available (set 'hibernate.transaction.jta.platform' to enable JTA platform integration)
2024-05-04T13:40:46.245+07:00  INFO 17320 --- [main] j.LocalContainerEntityManagerFactoryBean : Initialized JPA EntityManagerFactory for persistence unit 'default'
2024-05-04T13:40:47.035+07:00  WARN 17320 --- [main] JpaBaseConfiguration$JpaWebConfiguration : spring.jpa.open-in-view is enabled by default. Therefore, database queries may be performed during view rendering. Explicitly configure spring.jpa.open-in-view to disable this warning
2024-05-04T13:40:47.474+07:00  INFO 17320 --- [main] o.s.b.w.embedded.tomcat.TomcatWebServer  : Tomcat started on port 9004 (http) with context path ''
2024-05-04T13:40:47.491+07:00  INFO 17320 --- [main] c.e.demo.TokenAuthRedisApplication       : Started TokenAuthRedisApplication in 6.203 seconds (process running for 6.914)
2024-05-04T13:41:11.280+07:00  INFO 17320 --- [http-nio-9004-exec-1] o.a.c.c.C.[Tomcat].[localhost].[/]       : Initializing Spring DispatcherServlet 'dispatcherServlet'
2024-05-04T13:41:11.280+07:00  INFO 17320 --- [http-nio-9004-exec-1] o.s.web.servlet.DispatcherServlet        : Initializing Servlet 'dispatcherServlet'
2024-05-04T13:41:11.280+07:00  INFO 17320 --- [http-nio-9004-exec-1] o.s.web.servlet.DispatcherServlet        : Completed initialization in 0 ms
2024-05-04T13:44:04.275+07:00  INFO 17320 --- [SpringApplicationShutdownHook] j.LocalContainerEntityManagerFactoryBean : Closing JPA EntityManagerFactory for persistence unit 'default'
2024-05-04T13:44:04.279+07:00  INFO 17320 --- [SpringApplicationShutdownHook] com.zaxxer.hikari.HikariDataSource       : HikariPool-1 - Shutdown initiated...
2024-05-04T13:44:04.286+07:00  INFO 17320 --- [SpringApplicationShutdownHook] com.zaxxer.hikari.HikariDataSource       : HikariPool-1 - Shutdown completed.
