2024-05-04T13:36:45.106+07:00  INFO 11848 --- [main] com.example.demo.RedisApplication        : Starting RedisApplication using Java 17.0.9 with PID 11848 (E:\data\home\source\in\myproject\Spring Redis\redis\target\classes started by 900089 in E:\data\home\source\in\myproject\Spring Redis\redis)
2024-05-04T13:36:45.119+07:00  INFO 11848 --- [main] com.example.demo.RedisApplication        : No active profile set, falling back to 1 default profile: "default"
2024-05-04T13:36:46.431+07:00  INFO 11848 --- [main] .s.d.r.c.RepositoryConfigurationDelegate : Multiple Spring Data modules found, entering strict repository configuration mode
2024-05-04T13:36:46.434+07:00  INFO 11848 --- [main] .s.d.r.c.RepositoryConfigurationDelegate : Bootstrapping Spring Data JPA repositories in DEFAULT mode.
2024-05-04T13:36:46.627+07:00  INFO 11848 --- [main] .s.d.r.c.RepositoryConfigurationDelegate : Finished Spring Data repository scanning in 176 ms. Found 1 JPA repository interface.
2024-05-04T13:36:46.656+07:00  INFO 11848 --- [main] .s.d.r.c.RepositoryConfigurationDelegate : Multiple Spring Data modules found, entering strict repository configuration mode
2024-05-04T13:36:46.659+07:00  INFO 11848 --- [main] .s.d.r.c.RepositoryConfigurationDelegate : Bootstrapping Spring Data Redis repositories in DEFAULT mode.
2024-05-04T13:36:46.698+07:00  INFO 11848 --- [main] .RepositoryConfigurationExtensionSupport : Spring Data Redis - Could not safely identify store assignment for repository candidate interface com.example.demo.repository.MemberRepository; If you want this repository to be a Redis repository, consider annotating your entities with one of these annotations: org.springframework.data.redis.core.RedisHash (preferred), or consider extending one of the following types with your repository: org.springframework.data.keyvalue.repository.KeyValueRepository
2024-05-04T13:36:46.699+07:00  INFO 11848 --- [main] .s.d.r.c.RepositoryConfigurationDelegate : Finished Spring Data repository scanning in 14 ms. Found 0 Redis repository interfaces.
2024-05-04T13:36:47.425+07:00  INFO 11848 --- [main] o.s.b.w.embedded.tomcat.TomcatWebServer  : Tomcat initialized with port 9003 (http)
2024-05-04T13:36:47.443+07:00  INFO 11848 --- [main] o.apache.catalina.core.StandardService   : Starting service [Tomcat]
2024-05-04T13:36:47.444+07:00  INFO 11848 --- [main] o.apache.catalina.core.StandardEngine    : Starting Servlet engine: [Apache Tomcat/10.1.18]
2024-05-04T13:36:47.584+07:00  INFO 11848 --- [main] o.a.c.c.C.[Tomcat].[localhost].[/]       : Initializing Spring embedded WebApplicationContext
2024-05-04T13:36:47.585+07:00  INFO 11848 --- [main] w.s.c.ServletWebServerApplicationContext : Root WebApplicationContext: initialization completed in 2416 ms
2024-05-04T13:36:48.059+07:00  INFO 11848 --- [main] o.hibernate.jpa.internal.util.LogHelper  : HHH000204: Processing PersistenceUnitInfo [name: default]
2024-05-04T13:36:48.133+07:00  INFO 11848 --- [main] org.hibernate.Version                    : HHH000412: Hibernate ORM core version 6.4.1.Final
2024-05-04T13:36:48.177+07:00  INFO 11848 --- [main] o.h.c.internal.RegionFactoryInitiator    : HHH000026: Second-level cache disabled
2024-05-04T13:36:48.414+07:00  INFO 11848 --- [main] o.s.o.j.p.SpringPersistenceUnitInfo      : No LoadTimeWeaver setup: ignoring JPA class transformer
2024-05-04T13:36:48.443+07:00  INFO 11848 --- [main] com.zaxxer.hikari.HikariDataSource       : HikariPool-1 - Starting...
2024-05-04T13:36:48.611+07:00  INFO 11848 --- [main] com.zaxxer.hikari.pool.HikariPool        : HikariPool-1 - Added connection org.postgresql.jdbc.PgConnection@f1ccbd72
2024-05-04T13:36:48.612+07:00  INFO 11848 --- [main] com.zaxxer.hikari.HikariDataSource       : HikariPool-1 - Start completed.
2024-05-04T13:36:48.655+07:00  WARN 11848 --- [main] org.hibernate.dialect.Dialect            : HHH000511: The 10.23.0 version for [org.hibernate.dialect.PostgreSQLDialect] is no longer supported, hence certain features may not work properly. The minimum supported version is 12.0.0. Check the community dialects project for available legacy versions.
2024-05-04T13:36:48.661+07:00  WARN 11848 --- [main] org.hibernate.orm.deprecation            : HHH90000025: PostgreSQLDialect does not need to be specified explicitly using 'hibernate.dialect' (remove the property setting and it will be selected by default)
2024-05-04T13:36:49.732+07:00  INFO 11848 --- [main] o.h.e.t.j.p.i.JtaPlatformInitiator       : HHH000489: No JTA platform available (set 'hibernate.transaction.jta.platform' to enable JTA platform integration)
2024-05-04T13:36:49.825+07:00  INFO 11848 --- [main] j.LocalContainerEntityManagerFactoryBean : Initialized JPA EntityManagerFactory for persistence unit 'default'
2024-05-04T13:36:50.299+07:00  WARN 11848 --- [main] JpaBaseConfiguration$JpaWebConfiguration : spring.jpa.open-in-view is enabled by default. Therefore, database queries may be performed during view rendering. Explicitly configure spring.jpa.open-in-view to disable this warning
2024-05-04T13:36:50.880+07:00  INFO 11848 --- [main] o.s.b.w.embedded.tomcat.TomcatWebServer  : Tomcat started on port 9003 (http) with context path ''
2024-05-04T13:36:50.896+07:00  INFO 11848 --- [main] com.example.demo.RedisApplication        : Started RedisApplication in 6.461 seconds (process running for 7.683)
2024-05-04T13:37:19.600+07:00  INFO 11848 --- [http-nio-9003-exec-1] o.a.c.c.C.[Tomcat].[localhost].[/]       : Initializing Spring DispatcherServlet 'dispatcherServlet'
2024-05-04T13:37:19.601+07:00  INFO 11848 --- [http-nio-9003-exec-1] o.s.web.servlet.DispatcherServlet        : Initializing Servlet 'dispatcherServlet'
2024-05-04T13:37:19.603+07:00  INFO 11848 --- [http-nio-9003-exec-1] o.s.web.servlet.DispatcherServlet        : Completed initialization in 2 ms
2024-05-04T13:39:58.977+07:00  INFO 11848 --- [SpringApplicationShutdownHook] j.LocalContainerEntityManagerFactoryBean : Closing JPA EntityManagerFactory for persistence unit 'default'
2024-05-04T13:39:58.984+07:00  INFO 11848 --- [SpringApplicationShutdownHook] com.zaxxer.hikari.HikariDataSource       : HikariPool-1 - Shutdown initiated...
2024-05-04T13:39:59.047+07:00  INFO 11848 --- [SpringApplicationShutdownHook] com.zaxxer.hikari.HikariDataSource       : HikariPool-1 - Shutdown completed.
